mode: set
github.com/toddlerya/learngo/container/maze/nonrepeating/nonrepeating.go:7.47,11.31 4 1
github.com/toddlerya/learngo/container/maze/nonrepeating/nonrepeating.go:20.2,20.18 1 1
github.com/toddlerya/learngo/container/maze/nonrepeating/nonrepeating.go:11.31,12.58 1 1
github.com/toddlerya/learngo/container/maze/nonrepeating/nonrepeating.go:15.3,15.28 1 1
github.com/toddlerya/learngo/container/maze/nonrepeating/nonrepeating.go:18.3,18.23 1 1
github.com/toddlerya/learngo/container/maze/nonrepeating/nonrepeating.go:12.58,14.4 1 1
github.com/toddlerya/learngo/container/maze/nonrepeating/nonrepeating.go:15.28,17.4 1 1
github.com/toddlerya/learngo/container/maze/nonrepeating/nonrepeating.go:23.13,33.2 9 0
