mode: set
github.com/toddlerya/learngo/errhandling/filelistingserver/web.go:13.78,14.65 1 1
github.com/toddlerya/learngo/errhandling/filelistingserver/web.go:14.65,16.16 1 1
github.com/toddlerya/learngo/errhandling/filelistingserver/web.go:23.3,24.17 2 1
github.com/toddlerya/learngo/errhandling/filelistingserver/web.go:16.16,17.32 1 1
github.com/toddlerya/learngo/errhandling/filelistingserver/web.go:17.32,20.5 2 1
github.com/toddlerya/learngo/errhandling/filelistingserver/web.go:24.17,28.42 2 1
github.com/toddlerya/learngo/errhandling/filelistingserver/web.go:34.4,35.11 2 0
github.com/toddlerya/learngo/errhandling/filelistingserver/web.go:43.4,43.51 1 0
github.com/toddlerya/learngo/errhandling/filelistingserver/web.go:28.42,31.5 2 1
github.com/toddlerya/learngo/errhandling/filelistingserver/web.go:36.28,37.31 1 0
github.com/toddlerya/learngo/errhandling/filelistingserver/web.go:38.30,39.32 1 0
github.com/toddlerya/learngo/errhandling/filelistingserver/web.go:40.12,41.42 1 0
github.com/toddlerya/learngo/errhandling/filelistingserver/web.go:53.13,56.16 3 0
github.com/toddlerya/learngo/errhandling/filelistingserver/web.go:56.16,57.13 1 0
